{"/home/raju/getir/app.js": {"path":"/home/raju/getir/app.js","statementMap":{"0":{"start":{"line":1,"column":16},"end":{"line":1,"column":34}},"1":{"start":{"line":2,"column":15},"end":{"line":2,"column":58}},"2":{"start":{"line":3,"column":13},"end":{"line":3,"column":17}},"3":{"start":{"line":5,"column":12},"end":{"line":5,"column":21}},"4":{"start":{"line":6,"column":0},"end":{"line":6,"column":24}},"5":{"start":{"line":7,"column":0},"end":{"line":7,"column":30}},"6":{"start":{"line":9,"column":0},"end":{"line":9,"column":12}},"7":{"start":{"line":11,"column":0},"end":{"line":12,"column":54}},"8":{"start":{"line":12,"column":0},"end":{"line":12,"column":53}},"9":{"start":{"line":14,"column":0},"end":{"line":14,"column":25}}},"fnMap":{"0":{"name":"(anonymous_0)","decl":{"start":{"line":11,"column":17},"end":{"line":11,"column":18}},"loc":{"start":{"line":12,"column":0},"end":{"line":12,"column":53}},"line":12}},"branchMap":{},"s":{"0":1,"1":1,"2":1,"3":1,"4":1,"5":1,"6":1,"7":1,"8":0,"9":1},"f":{"0":0},"b":{},"_coverageSchema":"1a1c01bbd47fc00a2c39e90264f33305004495a9","hash":"a04f0517dc2d4101d5bd16cb31e9c3663395b72a"}
,"/home/raju/getir/src/config/config.js": {"path":"/home/raju/getir/src/config/config.js","statementMap":{"0":{"start":{"line":1,"column":15},"end":{"line":1,"column":32}},"1":{"start":{"line":2,"column":13},"end":{"line":2,"column":28}},"2":{"start":{"line":3,"column":12},"end":{"line":3,"column":26}},"3":{"start":{"line":5,"column":0},"end":{"line":5,"column":60}},"4":{"start":{"line":7,"column":22},"end":{"line":14,"column":12}},"5":{"start":{"line":16,"column":34},"end":{"line":16,"column":69}},"6":{"start":{"line":18,"column":0},"end":{"line":20,"column":1}},"7":{"start":{"line":19,"column":2},"end":{"line":19,"column":63}},"8":{"start":{"line":22,"column":0},"end":{"line":34,"column":2}}},"fnMap":{},"branchMap":{"0":{"loc":{"start":{"line":18,"column":0},"end":{"line":20,"column":1}},"type":"if","locations":[{"start":{"line":18,"column":0},"end":{"line":20,"column":1}},{"start":{"line":18,"column":0},"end":{"line":20,"column":1}}],"line":18},"1":{"loc":{"start":{"line":27,"column":32},"end":{"line":27,"column":74}},"type":"cond-expr","locations":[{"start":{"line":27,"column":62},"end":{"line":27,"column":69}},{"start":{"line":27,"column":72},"end":{"line":27,"column":74}}],"line":27}},"s":{"0":1,"1":1,"2":1,"3":1,"4":1,"5":1,"6":1,"7":0,"8":1},"f":{},"b":{"0":[0,1],"1":[1,0]},"_coverageSchema":"1a1c01bbd47fc00a2c39e90264f33305004495a9","hash":"b422282d5e5dd93bf498ac98f5915d56cb68fde6"}
,"/home/raju/getir/src/controllers/record.controller.js": {"path":"/home/raju/getir/src/controllers/record.controller.js","statementMap":{"0":{"start":{"line":1,"column":26},"end":{"line":1,"column":48}},"1":{"start":{"line":3,"column":22},"end":{"line":12,"column":1}},"2":{"start":{"line":4,"column":2},"end":{"line":4,"column":38}},"3":{"start":{"line":5,"column":2},"end":{"line":11,"column":3}},"4":{"start":{"line":6,"column":18},"end":{"line":6,"column":60}},"5":{"start":{"line":7,"column":2},"end":{"line":7,"column":32}},"6":{"start":{"line":10,"column":4},"end":{"line":10,"column":23}},"7":{"start":{"line":14,"column":0},"end":{"line":17,"column":1}}},"fnMap":{"0":{"name":"(anonymous_0)","decl":{"start":{"line":3,"column":22},"end":{"line":3,"column":23}},"loc":{"start":{"line":3,"column":42},"end":{"line":12,"column":1}},"line":3}},"branchMap":{},"s":{"0":1,"1":1,"2":0,"3":0,"4":0,"5":0,"6":0,"7":1},"f":{"0":0},"b":{},"_coverageSchema":"1a1c01bbd47fc00a2c39e90264f33305004495a9","hash":"8f72b404f0ba653f0b079200d6fcbe81e1c8b84a"}
,"/home/raju/getir/src/middleware/validate.js": {"path":"/home/raju/getir/src/middleware/validate.js","statementMap":{"0":{"start":{"line":1,"column":12},"end":{"line":1,"column":26}},"1":{"start":{"line":2,"column":19},"end":{"line":2,"column":41}},"2":{"start":{"line":3,"column":17},"end":{"line":3,"column":45}},"3":{"start":{"line":4,"column":13},"end":{"line":4,"column":37}},"4":{"start":{"line":6,"column":17},"end":{"line":19,"column":1}},"5":{"start":{"line":6,"column":29},"end":{"line":19,"column":1}},"6":{"start":{"line":7,"column":22},"end":{"line":7,"column":63}},"7":{"start":{"line":8,"column":17},"end":{"line":8,"column":52}},"8":{"start":{"line":9,"column":27},"end":{"line":11,"column":21}},"9":{"start":{"line":13,"column":2},"end":{"line":16,"column":3}},"10":{"start":{"line":14,"column":25},"end":{"line":14,"column":83}},"11":{"start":{"line":14,"column":56},"end":{"line":14,"column":71}},"12":{"start":{"line":15,"column":4},"end":{"line":15,"column":68}},"13":{"start":{"line":17,"column":2},"end":{"line":17,"column":28}},"14":{"start":{"line":18,"column":2},"end":{"line":18,"column":16}},"15":{"start":{"line":21,"column":0},"end":{"line":21,"column":26}}},"fnMap":{"0":{"name":"(anonymous_0)","decl":{"start":{"line":6,"column":17},"end":{"line":6,"column":18}},"loc":{"start":{"line":6,"column":29},"end":{"line":19,"column":1}},"line":6},"1":{"name":"(anonymous_1)","decl":{"start":{"line":6,"column":29},"end":{"line":6,"column":30}},"loc":{"start":{"line":6,"column":49},"end":{"line":19,"column":1}},"line":6},"2":{"name":"(anonymous_2)","decl":{"start":{"line":14,"column":43},"end":{"line":14,"column":44}},"loc":{"start":{"line":14,"column":56},"end":{"line":14,"column":71}},"line":14}},"branchMap":{"0":{"loc":{"start":{"line":13,"column":2},"end":{"line":16,"column":3}},"type":"if","locations":[{"start":{"line":13,"column":2},"end":{"line":16,"column":3}},{"start":{"line":13,"column":2},"end":{"line":16,"column":3}}],"line":13}},"s":{"0":1,"1":1,"2":1,"3":1,"4":1,"5":1,"6":0,"7":0,"8":0,"9":0,"10":0,"11":0,"12":0,"13":0,"14":0,"15":1},"f":{"0":1,"1":0,"2":0},"b":{"0":[0,0]},"_coverageSchema":"1a1c01bbd47fc00a2c39e90264f33305004495a9","hash":"d3a68711dfad75a69eb457602fad6534438849c9"}
,"/home/raju/getir/src/models/record.model.js": {"path":"/home/raju/getir/src/models/record.model.js","statementMap":{"0":{"start":{"line":1,"column":17},"end":{"line":1,"column":36}},"1":{"start":{"line":3,"column":21},"end":{"line":24,"column":1}},"2":{"start":{"line":26,"column":15},"end":{"line":26,"column":53}},"3":{"start":{"line":28,"column":0},"end":{"line":28,"column":24}}},"fnMap":{},"branchMap":{},"s":{"0":1,"1":1,"2":1,"3":1},"f":{},"b":{},"_coverageSchema":"1a1c01bbd47fc00a2c39e90264f33305004495a9","hash":"fed6fc3690fea0b090c2250fc1960922fb8781c7"}
,"/home/raju/getir/src/routes/record.route.js": {"path":"/home/raju/getir/src/routes/record.route.js","statementMap":{"0":{"start":{"line":1,"column":23},"end":{"line":1,"column":66}},"1":{"start":{"line":2,"column":17},"end":{"line":2,"column":50}},"2":{"start":{"line":3,"column":25},"end":{"line":3,"column":68}},"3":{"start":{"line":4,"column":25},"end":{"line":4,"column":68}},"4":{"start":{"line":7,"column":15},"end":{"line":9,"column":1}},"5":{"start":{"line":8,"column":4},"end":{"line":8,"column":99}},"6":{"start":{"line":11,"column":0},"end":{"line":11,"column":31}}},"fnMap":{"0":{"name":"(anonymous_0)","decl":{"start":{"line":7,"column":15},"end":{"line":7,"column":16}},"loc":{"start":{"line":7,"column":24},"end":{"line":9,"column":1}},"line":7}},"branchMap":{},"s":{"0":1,"1":1,"2":1,"3":1,"4":1,"5":1,"6":1},"f":{"0":1},"b":{},"_coverageSchema":"1a1c01bbd47fc00a2c39e90264f33305004495a9","hash":"171b25887ac12afd531847af02983e2bb7b15b29"}
,"/home/raju/getir/src/services/index.js": {"path":"/home/raju/getir/src/services/index.js","statementMap":{"0":{"start":{"line":1,"column":0},"end":{"line":1,"column":59}}},"fnMap":{},"branchMap":{},"s":{"0":1},"f":{},"b":{},"_coverageSchema":"1a1c01bbd47fc00a2c39e90264f33305004495a9","hash":"560bdcbedd4313fd5a6f91fa855e4d995ca95ef0"}
,"/home/raju/getir/src/services/record.service.js": {"path":"/home/raju/getir/src/services/record.service.js","statementMap":{"0":{"start":{"line":1,"column":15},"end":{"line":1,"column":48}},"1":{"start":{"line":3,"column":21},"end":{"line":33,"column":1}},"2":{"start":{"line":4,"column":18},"end":{"line":4,"column":20}},"3":{"start":{"line":5,"column":27},"end":{"line":13,"column":3}},"4":{"start":{"line":14,"column":17},"end":{"line":14,"column":20}},"5":{"start":{"line":16,"column":2},"end":{"line":16,"column":44}},"6":{"start":{"line":17,"column":2},"end":{"line":17,"column":44}},"7":{"start":{"line":19,"column":2},"end":{"line":19,"column":89}},"8":{"start":{"line":19,"column":24},"end":{"line":19,"column":89}},"9":{"start":{"line":20,"column":2},"end":{"line":20,"column":85}},"10":{"start":{"line":20,"column":22},"end":{"line":20,"column":85}},"11":{"start":{"line":21,"column":2},"end":{"line":21,"column":92}},"12":{"start":{"line":21,"column":37},"end":{"line":21,"column":92}},"13":{"start":{"line":22,"column":2},"end":{"line":22,"column":92}},"14":{"start":{"line":22,"column":37},"end":{"line":22,"column":92}},"15":{"start":{"line":23,"column":2},"end":{"line":29,"column":3}},"16":{"start":{"line":24,"column":4},"end":{"line":28,"column":7}},"17":{"start":{"line":30,"column":2},"end":{"line":30,"column":45}},"18":{"start":{"line":31,"column":18},"end":{"line":31,"column":58}},"19":{"start":{"line":32,"column":2},"end":{"line":32,"column":17}},"20":{"start":{"line":35,"column":0},"end":{"line":35,"column":43}}},"fnMap":{"0":{"name":"(anonymous_0)","decl":{"start":{"line":3,"column":21},"end":{"line":3,"column":22}},"loc":{"start":{"line":3,"column":41},"end":{"line":33,"column":1}},"line":3}},"branchMap":{"0":{"loc":{"start":{"line":19,"column":2},"end":{"line":19,"column":89}},"type":"if","locations":[{"start":{"line":19,"column":2},"end":{"line":19,"column":89}},{"start":{"line":19,"column":2},"end":{"line":19,"column":89}}],"line":19},"1":{"loc":{"start":{"line":20,"column":2},"end":{"line":20,"column":85}},"type":"if","locations":[{"start":{"line":20,"column":2},"end":{"line":20,"column":85}},{"start":{"line":20,"column":2},"end":{"line":20,"column":85}}],"line":20},"2":{"loc":{"start":{"line":21,"column":2},"end":{"line":21,"column":92}},"type":"if","locations":[{"start":{"line":21,"column":2},"end":{"line":21,"column":92}},{"start":{"line":21,"column":2},"end":{"line":21,"column":92}}],"line":21},"3":{"loc":{"start":{"line":22,"column":2},"end":{"line":22,"column":92}},"type":"if","locations":[{"start":{"line":22,"column":2},"end":{"line":22,"column":92}},{"start":{"line":22,"column":2},"end":{"line":22,"column":92}}],"line":22},"4":{"loc":{"start":{"line":23,"column":2},"end":{"line":29,"column":3}},"type":"if","locations":[{"start":{"line":23,"column":2},"end":{"line":29,"column":3}},{"start":{"line":23,"column":2},"end":{"line":29,"column":3}}],"line":23}},"s":{"0":1,"1":1,"2":0,"3":0,"4":0,"5":0,"6":0,"7":0,"8":0,"9":0,"10":0,"11":0,"12":0,"13":0,"14":0,"15":0,"16":0,"17":0,"18":0,"19":0,"20":1},"f":{"0":0},"b":{"0":[0,0],"1":[0,0],"2":[0,0],"3":[0,0],"4":[0,0]},"_coverageSchema":"1a1c01bbd47fc00a2c39e90264f33305004495a9","hash":"2a593acec98776b0314fd99717f2551744b1b5ee"}
,"/home/raju/getir/src/utils/ApiError.js": {"path":"/home/raju/getir/src/utils/ApiError.js","statementMap":{"0":{"start":{"line":3,"column":6},"end":{"line":3,"column":21}},"1":{"start":{"line":4,"column":6},"end":{"line":4,"column":35}},"2":{"start":{"line":5,"column":6},"end":{"line":5,"column":41}},"3":{"start":{"line":6,"column":6},"end":{"line":10,"column":7}},"4":{"start":{"line":7,"column":8},"end":{"line":7,"column":27}},"5":{"start":{"line":9,"column":8},"end":{"line":9,"column":56}},"6":{"start":{"line":14,"column":2},"end":{"line":14,"column":28}}},"fnMap":{"0":{"name":"(anonymous_0)","decl":{"start":{"line":2,"column":4},"end":{"line":2,"column":5}},"loc":{"start":{"line":2,"column":71},"end":{"line":11,"column":5}},"line":2}},"branchMap":{"0":{"loc":{"start":{"line":2,"column":37},"end":{"line":2,"column":57}},"type":"default-arg","locations":[{"start":{"line":2,"column":53},"end":{"line":2,"column":57}}],"line":2},"1":{"loc":{"start":{"line":2,"column":59},"end":{"line":2,"column":69}},"type":"default-arg","locations":[{"start":{"line":2,"column":67},"end":{"line":2,"column":69}}],"line":2},"2":{"loc":{"start":{"line":6,"column":6},"end":{"line":10,"column":7}},"type":"if","locations":[{"start":{"line":6,"column":6},"end":{"line":10,"column":7}},{"start":{"line":6,"column":6},"end":{"line":10,"column":7}}],"line":6}},"s":{"0":0,"1":0,"2":0,"3":0,"4":0,"5":0,"6":1},"f":{"0":0},"b":{"0":[0],"1":[0],"2":[0,0]},"_coverageSchema":"1a1c01bbd47fc00a2c39e90264f33305004495a9","hash":"c9b46c0049c029fd1a34816575ce0ffe11a5b8d0"}
,"/home/raju/getir/src/utils/pick.js": {"path":"/home/raju/getir/src/utils/pick.js","statementMap":{"0":{"start":{"line":1,"column":13},"end":{"line":7,"column":8}},"1":{"start":{"line":1,"column":31},"end":{"line":7,"column":8}},"2":{"start":{"line":2,"column":4},"end":{"line":5,"column":5}},"3":{"start":{"line":4,"column":6},"end":{"line":4,"column":29}},"4":{"start":{"line":6,"column":4},"end":{"line":6,"column":15}},"5":{"start":{"line":9,"column":0},"end":{"line":9,"column":22}}},"fnMap":{"0":{"name":"(anonymous_0)","decl":{"start":{"line":1,"column":13},"end":{"line":1,"column":14}},"loc":{"start":{"line":1,"column":31},"end":{"line":7,"column":8}},"line":1},"1":{"name":"(anonymous_1)","decl":{"start":{"line":1,"column":43},"end":{"line":1,"column":44}},"loc":{"start":{"line":1,"column":57},"end":{"line":7,"column":3}},"line":1}},"branchMap":{"0":{"loc":{"start":{"line":2,"column":4},"end":{"line":5,"column":5}},"type":"if","locations":[{"start":{"line":2,"column":4},"end":{"line":5,"column":5}},{"start":{"line":2,"column":4},"end":{"line":5,"column":5}}],"line":2},"1":{"loc":{"start":{"line":2,"column":8},"end":{"line":2,"column":67}},"type":"binary-expr","locations":[{"start":{"line":2,"column":8},"end":{"line":2,"column":14}},{"start":{"line":2,"column":18},"end":{"line":2,"column":67}}],"line":2}},"s":{"0":1,"1":0,"2":0,"3":0,"4":0,"5":1},"f":{"0":0,"1":0},"b":{"0":[0,0],"1":[0,0]},"_coverageSchema":"1a1c01bbd47fc00a2c39e90264f33305004495a9","hash":"38ee1c11904203f9e6f5f52dcbeb55ed358d28f8"}
,"/home/raju/getir/src/validations/record.validation.js": {"path":"/home/raju/getir/src/validations/record.validation.js","statementMap":{"0":{"start":{"line":1,"column":12},"end":{"line":1,"column":26}},"1":{"start":{"line":3,"column":19},"end":{"line":10,"column":1}},"2":{"start":{"line":12,"column":0},"end":{"line":14,"column":2}}},"fnMap":{},"branchMap":{},"s":{"0":1,"1":1,"2":1},"f":{},"b":{},"_coverageSchema":"1a1c01bbd47fc00a2c39e90264f33305004495a9","hash":"ee7940c15e9771214596af96175c00dd2f5d04b3"}
}
